644917299
556570894
644227721
639691474
644461007
644883465
644564360
644849692
644728584
644450633
277449146
643456781
344601083
645798973
646027123
645636642
646210117
645922182
645735972
645869332
646336386
645371347
645926338
645315696
645419755
645526878
645621128
645387548
646113764
646171916
646133454
645965088
646269494
646083884
645911173
645593725
645603683
645518626
645502468
645829938
646059009
646169558
645798724
646126548
645601331
645651404
645620371
645397449
646350469
646248898
646308045
646130079
646154067
646124417
646158756
646184373
646193838
646167575
646091799
645937180
645969646
646002967
646189965
646295478
646187871
646037231
645816479
646044637
645958503
645579060
645693626
645716724
645683823
645322602
645363248
645366010
645339663
645745426
645744386
646070921
646120756
646199173
646146528
646324204
646336120
646348985
646381566
646369627
646251937
646309097
646273367
646093474
645470576
639290956
645928756
646115786
645821568
645728551
646108924
646195905
